,number,value,datetime_start,datetime_complete,duration,params_clf__gamma,params_clf__learning_rate,params_clf__max_delta_step,params_clf__max_depth,params_clf__min_child_weight,params_clf__n_estimators,params_clf__reg_alpha,params_clf__reg_lambda,params_clf__scale_pos_weight,state
170,170,0.9311501702819961,2024-09-01 06:05:04.121890,2024-09-01 06:17:37.163480,0 days 00:12:33.041590,0.5171200309816573,0.27043861203708697,14.902279281779318,10,0.7309260453437563,100,4.7857920821066156,0.006012550020200368,1.0079394101299328,COMPLETE
171,171,0.9225956405908486,2024-09-01 06:17:37.164159,2024-09-01 06:32:10.607726,0 days 00:14:33.443567,0.7396595285872376,0.18548680406131732,15.305873115721457,11,0.9712997338093268,100,3.4443034684291507,0.004989785585020658,1.6711185531950483,COMPLETE
172,172,0.9165938012718734,2024-09-01 06:32:10.608376,2024-09-01 06:52:39.365001,0 days 00:20:28.756625,0.645429423860344,0.13159319095623984,16.474990953082045,12,0.47035272507286824,100,2.814581638529185,0.007363483698584344,2.0034020841714755,COMPLETE
173,173,0.9275069952536255,2024-09-01 06:52:39.365661,2024-09-01 07:12:13.886892,0 days 00:19:34.521231,0.8544435692811583,0.09089977063242606,15.828823375424799,12,0.7370154332268535,100,2.1691076232047224,0.003348138752059757,1.5351488690821724,COMPLETE
174,174,0.9419659246839475,2024-09-01 07:12:13.887539,2024-09-01 07:31:15.514017,0 days 00:19:01.626478,1.1930556948544833,0.045073241488586796,17.247100165747376,11,1.0922544453843424,100,0.005134784841523949,0.003979325225413503,1.028158584333699,COMPLETE
175,175,0.9427608150798218,2024-09-01 07:31:15.514696,2024-09-01 07:52:09.745022,0 days 00:20:54.230326,0.4694952741345602,0.044435937450974294,16.131403698427043,11,0.9594710855730649,100,0.005146609951031501,0.004303000330165255,1.0027097912570113,COMPLETE
176,176,0.9390223615886896,2024-09-01 07:52:09.745745,2024-09-01 08:13:16.455004,0 days 00:21:06.709259,0.47413836970834905,0.035583425986373936,16.003516109954358,11,1.3154044675026964,100,0.00455898555368763,0.004330409698134896,1.1272357464632725,COMPLETE
177,177,0.6966106761423566,2024-09-01 08:13:16.455656,2024-09-01 08:36:13.055221,0 days 00:22:56.599565,0.4417068268994206,0.03372324314141799,15.2520864730742,10,1.5470958145645501,100,0.008045484202485043,0.004830340236057384,14.729360591298686,COMPLETE
178,178,0.9202635222409515,2024-09-01 08:36:13.055869,2024-09-01 08:58:35.640763,0 days 00:22:22.584894,0.5771493732542953,0.04214738578926155,15.604528567681436,11,1.1155097352284602,100,0.006976037716573172,0.003547189449640892,1.7772279638525936,COMPLETE
179,179,0.943467726111722,2024-09-01 08:58:35.641477,2024-09-01 09:17:15.238593,0 days 00:18:39.597116,0.38448194432067134,0.05504308679632508,15.992968388733422,11,1.3069497502884384,100,0.011413539869705957,0.006229459836291165,1.0572851459969947,COMPLETE
180,180,0.9396403618905232,2024-09-01 09:17:15.239284,2024-09-01 09:40:26.784625,0 days 00:23:11.545341,0.39285855689178995,0.02419667041488575,14.560181071957357,11,1.2080550283605818,100,0.0025954484871684503,0.004385468261326973,1.0206404400662128,COMPLETE
181,181,0.9207288873752123,2024-09-01 09:40:26.785344,2024-09-01 10:04:30.466446,0 days 00:24:03.681102,0.3810375166858219,0.02638101215478156,15.967351801743163,11,1.2903619469707475,100,0.0043846002730499834,0.004477456056724955,1.6007281866073093,COMPLETE
182,182,0.9031641439970883,2024-09-01 10:04:30.467162,2024-09-01 10:30:52.477413,0 days 00:26:22.010251,0.4771235468839814,0.01824391595048607,14.696507024613084,11,1.056440461809983,100,0.002211464509961775,0.005944273699134463,2.0814812993546505,COMPLETE
183,183,0.9403434612378297,2024-09-01 10:30:52.478096,2024-09-01 10:49:46.587171,0 days 00:18:54.109075,0.3316342953925284,0.05057119075120749,15.143953082002628,10,0.850262903739803,100,0.0015024427138867246,0.00307053638943177,1.0539304977960589,COMPLETE
184,184,0.9243210048003375,2024-09-01 10:49:46.587863,2024-09-01 11:08:19.403890,0 days 00:18:32.816027,0.30621872694462093,0.033319050607793055,15.12493102005999,9,0.9062705797368282,100,0.0017202444331381123,0.003205106147182615,1.3206992431012234,COMPLETE
185,185,0.9227287423348941,2024-09-01 11:08:19.404607,2024-09-01 11:26:18.006005,0 days 00:17:58.601398,0.6184398319176503,0.04682742608577442,14.602150205308817,10,1.5472919606609263,100,0.004815798226929503,0.002824422231762282,1.6484453745316785,COMPLETE
186,186,0.9366970581247226,2024-09-01 11:26:18.006684,2024-09-01 11:47:21.613364,0 days 00:21:03.606680,0.46527107136838797,0.02229575892090354,13.940705444933167,10,1.1906603949032795,100,0.0017231136194888151,0.0043471395476141,1.021025459107121,COMPLETE
187,187,0.8972792317632917,2024-09-01 11:47:21.614096,2024-09-01 12:10:16.739730,0 days 00:22:55.125634,0.36893448478973834,0.02197623139043047,14.099013993569358,10,1.345400187554102,100,0.001654787607649082,0.0041591955019969476,2.274181118693993,COMPLETE
188,188,0.6865683421669111,2024-09-01 12:10:16.740410,2024-09-01 12:31:29.582086,0 days 00:21:12.841676,0.479243518556163,0.013926342137236956,13.73596499018916,9,1.072303709518128,100,0.0011427401891275651,0.0036247096986622984,11.078092888823578,COMPLETE
189,189,0.9433145464546383,2024-09-01 12:31:29.582921,2024-09-01 12:51:53.580719,0 days 00:20:23.997798,0.3200011169828173,0.041477669090676274,14.368972214110059,11,1.3439337342231477,100,0.002064126592355858,0.0029001308810859936,1.0250811937527313,COMPLETE
190,190,0.9300242914490173,2024-09-01 12:51:53.581379,2024-09-01 13:16:00.786661,0 days 00:24:07.205282,0.325068091907603,0.008291483246966231,14.450266238325993,10,1.3197821728362313,100,0.0024386311578932216,0.003333713834143788,1.5726788538821523,COMPLETE
191,191,0.9409227964247603,2024-09-01 13:16:00.787343,2024-09-01 13:37:59.456985,0 days 00:21:58.669642,0.41776213615912183,0.02901694118215023,14.943155754922861,11,1.1473195835477314,100,0.001198807024551673,0.002494515022560019,1.0041219714152465,COMPLETE
192,192,0.9409735053195774,2024-09-01 13:37:59.457646,2024-09-01 13:58:00.911496,0 days 00:20:01.453850,0.42521773811421004,0.026091499635539472,14.030735957120712,11,1.769798973170496,100,0.0013364827050353384,0.0028585162452657888,1.0051908784566086,COMPLETE
193,193,0.9406488499719229,2024-09-01 13:58:00.912292,2024-09-01 14:20:33.292919,0 days 00:22:32.380627,0.4276800896103881,0.029557858867340126,13.937527435925862,11,1.169524014648292,100,0.0011942123957017538,0.002771617578210924,1.0164653064374811,COMPLETE
194,194,0.9256060858197664,2024-09-01 14:20:33.293579,2024-09-01 14:43:36.213358,0 days 00:23:02.919779,0.48167733921633005,0.018725013241569825,13.836185660143004,11,1.7348700369138397,100,0.001110523446731005,0.002188287811117483,1.4130023730435946,COMPLETE
195,195,0.9073875239768064,2024-09-01 14:43:36.213985,2024-09-01 15:05:53.764136,0 days 00:22:17.550151,0.3831299281564383,0.02453410894394226,14.218731110462977,10,0.9255965316233549,100,0.0013716307663074088,0.0029846025962179724,1.839356485349981,COMPLETE
196,196,0.9404160264080579,2024-09-01 15:05:53.764766,2024-09-01 15:28:28.671393,0 days 00:22:34.906627,0.41068865379422065,0.028662726149675462,14.84136903193657,11,1.1774329938966475,100,0.0023052512855360877,0.0039897552211247645,1.0319845149100617,COMPLETE
197,197,0.9278951957304692,2024-09-01 15:28:28.672061,2024-09-01 15:51:09.794854,0 days 00:22:41.122793,0.45746648284993924,0.029178650011480237,13.35599067713196,11,1.2032589982373274,100,0.0022849606762314336,0.002881520728859795,1.3634437970299813,COMPLETE
198,198,0.9427676462079884,2024-09-01 15:51:09.795504,2024-09-01 16:17:15.721146,0 days 00:26:05.925642,0.5591440509124617,0.01368759905509342,14.932153022193077,12,1.3677110791377127,100,0.0033773039429504438,0.00409988155955915,1.0000064858781137,COMPLETE
199,199,0.9442869274831933,2024-09-01 16:17:15.721849,2024-09-01 16:39:16.567075,0 days 00:22:00.845226,0.6399466245757152,0.038001681926279306,15.540279512814008,12,1.3322310688472614,100,0.003113428583080456,0.0038376550609826978,1.0099199883180554,COMPLETE
